# JRE version: Java(TM) SE Runtime Environment (8.0_152-b16) (build 1.8.0_152-b16)
# Java VM: Java HotSpot(TM) 64-Bit Server VM (25.152-b16 mixed mode windows-amd64 compressed oops)
Heap:
 PSYoungGen      total 145408K, used 75747K [0x00000000f5580000, 0x0000000100000000, 0x0000000100000000)
  eden space 118272K, 49% used [0x00000000f5580000,0x00000000f8ea8cc8,0x00000000fc900000)
  from space 27136K, 63% used [0x00000000fe580000,0x00000000ff6502e0,0x0000000100000000)
  to   space 28160K, 0% used [0x00000000fc900000,0x00000000fc900000,0x00000000fe480000)
 ParOldGen       total 249344K, used 113800K [0x00000000e0000000, 0x00000000ef380000, 0x00000000f5580000)
  object space 249344K, 45% used [0x00000000e0000000,0x00000000e6f220a8,0x00000000ef380000)
 Metaspace       used 99164K, capacity 104031K, committed 104320K, reserved 1140736K
  class space    used 12912K, capacity 13860K, committed 13952K, reserved 1048576K
GC Heap History (10 events):
Event: 141.395 GC heap before
{Heap before GC invocations=48 (full 4):
 PSYoungGen      total 140800K, used 119313K [0x00000000f5580000, 0x00000000ffc00000, 0x0000000100000000)
  eden space 112640K, 100% used [0x00000000f5580000,0x00000000fc380000,0x00000000fc380000)
  from space 28160K, 23% used [0x00000000fc380000,0x00000000fca045c0,0x00000000fdf00000)
  to   space 26624K, 0% used [0x00000000fe200000,0x00000000fe200000,0x00000000ffc00000)
 ParOldGen       total 249344K, used 88453K [0x00000000e0000000, 0x00000000ef380000, 0x00000000f5580000)
  object space 249344K, 35% used [0x00000000e0000000,0x00000000e5661668,0x00000000ef380000)
 Metaspace       used 97327K, capacity 101679K, committed 101760K, reserved 1136640K
  class space    used 12737K, capacity 13622K, committed 13696K, reserved 1048576K
Event: 141.412 GC heap after
Heap after GC invocations=48 (full 4):
 PSYoungGen      total 143872K, used 14148K [0x00000000f5580000, 0x00000000ffe80000, 0x0000000100000000)
  eden space 117248K, 0% used [0x00000000f5580000,0x00000000f5580000,0x00000000fc800000)
  from space 26624K, 53% used [0x00000000fe200000,0x00000000fefd1250,0x00000000ffc00000)
  to   space 26624K, 0% used [0x00000000fc800000,0x00000000fc800000,0x00000000fe200000)
 ParOldGen       total 249344K, used 90202K [0x00000000e0000000, 0x00000000ef380000, 0x00000000f5580000)
  object space 249344K, 36% used [0x00000000e0000000,0x00000000e5816898,0x00000000ef380000)
 Metaspace       used 97327K, capacity 101679K, committed 101760K, reserved 1136640K
  class space    used 12737K, capacity 13622K, committed 13696K, reserved 1048576K
}
Event: 143.843 GC heap before
{Heap before GC invocations=49 (full 4):
 PSYoungGen      total 143872K, used 131396K [0x00000000f5580000, 0x00000000ffe80000, 0x0000000100000000)
  eden space 117248K, 100% used [0x00000000f5580000,0x00000000fc800000,0x00000000fc800000)
  from space 26624K, 53% used [0x00000000fe200000,0x00000000fefd1250,0x00000000ffc00000)
  to   space 26624K, 0% used [0x00000000fc800000,0x00000000fc800000,0x00000000fe200000)
 ParOldGen       total 249344K, used 90202K [0x00000000e0000000, 0x00000000ef380000, 0x00000000f5580000)
  object space 249344K, 36% used [0x00000000e0000000,0x00000000e5816898,0x00000000ef380000)
 Metaspace       used 98731K, capacity 103579K, committed 103808K, reserved 1138688K
  class space    used 12884K, capacity 13852K, committed 13952K, reserved 1048576K
Event: 143.859 GC heap after
Heap after GC invocations=49 (full 4):
 PSYoungGen      total 143872K, used 2542K [0x00000000f5580000, 0x0000000100000000, 0x0000000100000000)
  eden space 117248K, 0% used [0x00000000f5580000,0x00000000f5580000,0x00000000fc800000)
  from space 26624K, 9% used [0x00000000fc800000,0x00000000fca7bb78,0x00000000fe200000)
  to   space 26624K, 0% used [0x00000000fe600000,0x00000000fe600000,0x0000000100000000)
 ParOldGen       total 249344K, used 97644K [0x00000000e0000000, 0x00000000ef380000, 0x00000000f5580000)
  object space 249344K, 39% used [0x00000000e0000000,0x00000000e5f5b300,0x00000000ef380000)
 Metaspace       used 98731K, capacity 103579K, committed 103808K, reserved 1138688K
  class space    used 12884K, capacity 13852K, committed 13952K, reserved 1048576K
}
Event: 147.707 GC heap before
{Heap before GC invocations=50 (full 4):
 PSYoungGen      total 143872K, used 119790K [0x00000000f5580000, 0x0000000100000000, 0x0000000100000000)
  eden space 117248K, 100% used [0x00000000f5580000,0x00000000fc800000,0x00000000fc800000)
  from space 26624K, 9% used [0x00000000fc800000,0x00000000fca7bb78,0x00000000fe200000)
  to   space 26624K, 0% used [0x00000000fe600000,0x00000000fe600000,0x0000000100000000)
 ParOldGen       total 249344K, used 97644K [0x00000000e0000000, 0x00000000ef380000, 0x00000000f5580000)
  object space 249344K, 39% used [0x00000000e0000000,0x00000000e5f5b300,0x00000000ef380000)
 Metaspace       used 98925K, capacity 103797K, committed 104064K, reserved 1138688K
  class space    used 12889K, capacity 13853K, committed 13952K, reserved 1048576K
Event: 147.717 GC heap after
Heap after GC invocations=50 (full 4):
 PSYoungGen      total 145920K, used 4939K [0x00000000f5580000, 0x00000000ffe00000, 0x0000000100000000)
  eden space 121344K, 0% used [0x00000000f5580000,0x00000000f5580000,0x00000000fcc00000)
  from space 24576K, 20% used [0x00000000fe600000,0x00000000fead2de0,0x00000000ffe00000)
  to   space 25600K, 0% used [0x00000000fcc00000,0x00000000fcc00000,0x00000000fe500000)
 ParOldGen       total 249344K, used 99141K [0x00000000e0000000, 0x00000000ef380000, 0x00000000f5580000)
  object space 249344K, 39% used [0x00000000e0000000,0x00000000e60d1548,0x00000000ef380000)
 Metaspace       used 98925K, capacity 103797K, committed 104064K, reserved 1138688K
  class space    used 12889K, capacity 13853K, committed 13952K, reserved 1048576K
}
Event: 148.257 GC heap before
{Heap before GC invocations=51 (full 4):
 PSYoungGen      total 145920K, used 126283K [0x00000000f5580000, 0x00000000ffe00000, 0x0000000100000000)
  eden space 121344K, 100% used [0x00000000f5580000,0x00000000fcc00000,0x00000000fcc00000)
  from space 24576K, 20% used [0x00000000fe600000,0x00000000fead2de0,0x00000000ffe00000)
  to   space 25600K, 0% used [0x00000000fcc00000,0x00000000fcc00000,0x00000000fe500000)
 ParOldGen       total 249344K, used 100766K [0x00000000e0000000, 0x00000000ef380000, 0x00000000f5580000)
  object space 249344K, 40% used [0x00000000e0000000,0x00000000e62678d8,0x00000000ef380000)
 Metaspace       used 99100K, capacity 103939K, committed 104064K, reserved 1138688K
  class space    used 12910K, capacity 13856K, committed 13952K, reserved 1048576K
Event: 148.285 GC heap after
Heap after GC invocations=51 (full 4):
 PSYoungGen      total 146944K, used 17427K [0x00000000f5580000, 0x0000000100000000, 0x0000000100000000)
  eden space 121344K, 0% used [0x00000000f5580000,0x00000000f5580000,0x00000000fcc00000)
  from space 25600K, 68% used [0x00000000fcc00000,0x00000000fdd04fd0,0x00000000fe500000)
  to   space 27136K, 0% used [0x00000000fe580000,0x00000000fe580000,0x0000000100000000)
 ParOldGen       total 249344K, used 100774K [0x00000000e0000000, 0x00000000ef380000, 0x00000000f5580000)
  object space 249344K, 40% used [0x00000000e0000000,0x00000000e62698d8,0x00000000ef380000)
 Metaspace       used 99100K, capacity 103939K, committed 104064K, reserved 1138688K
  class space    used 12910K, capacity 13856K, committed 13952K, reserved 1048576K
}
Event: 148.615 GC heap before
{Heap before GC invocations=52 (full 4):
 PSYoungGen      total 146944K, used 138771K [0x00000000f5580000, 0x0000000100000000, 0x0000000100000000)
  eden space 121344K, 100% used [0x00000000f5580000,0x00000000fcc00000,0x00000000fcc00000)
  from space 25600K, 68% used [0x00000000fcc00000,0x00000000fdd04fd0,0x00000000fe500000)
  to   space 27136K, 0% used [0x00000000fe580000,0x00000000fe580000,0x0000000100000000)
 ParOldGen       total 249344K, used 100776K [0x00000000e0000000, 0x00000000ef380000, 0x00000000f5580000)
  object space 249344K, 40% used [0x00000000e0000000,0x00000000e626a0b0,0x00000000ef380000)
 Metaspace       used 99150K, capacity 104029K, committed 104320K, reserved 1140736K
  class space    used 12911K, capacity 13859K, committed 13952K, reserved 1048576K
Event: 148.644 GC heap after
Heap after GC invocations=52 (full 4):
 PSYoungGen      total 145408K, used 17216K [0x00000000f5580000, 0x0000000100000000, 0x0000000100000000)
  eden space 118272K, 0% used [0x00000000f5580000,0x00000000f5580000,0x00000000fc900000)
  from space 27136K, 63% used [0x00000000fe580000,0x00000000ff6502e0,0x0000000100000000)
  to   space 28160K, 0% used [0x00000000fc900000,0x00000000fc900000,0x00000000fe480000)
 ParOldGen       total 249344K, used 113800K [0x00000000e0000000, 0x00000000ef380000, 0x00000000f5580000)
  object space 249344K, 45% used [0x00000000e0000000,0x00000000e6f220a8,0x00000000ef380000)
 Metaspace       used 99150K, capacity 104029K, committed 104320K, reserved 1140736K
  class space    used 12911K, capacity 13859K, committed 13952K, reserved 1048576K
}

